<?xml version="1.0" encoding="UTF-8"?>
<testng-results skipped="0" failed="0" total="1" passed="1">
  <reporter-output>
  </reporter-output>
  <suite name="Default suite" duration-ms="39012" started-at="2019-07-19T02:22:48Z" finished-at="2019-07-19T02:23:27Z">
    <groups>
    </groups>
    <test name="Default test" duration-ms="39012" started-at="2019-07-19T02:22:48Z" finished-at="2019-07-19T02:23:27Z">
      <class name="TestNGFramework.WorkingwithRobot">
        <test-method status="PASS" signature="open()[pri:0, instance:TestNGFramework.WorkingwithRobot@3c756e4d]" name="open" is-config="true" duration-ms="25619" started-at="2019-07-19T07:52:48Z" finished-at="2019-07-19T07:53:14Z">
          <reporter-output>
          </reporter-output>
        </test-method> <!-- open -->
        <test-method status="PASS" signature="data()[pri:0, instance:TestNGFramework.WorkingwithRobot@3c756e4d]" name="data" duration-ms="13315" started-at="2019-07-19T07:53:14Z" finished-at="2019-07-19T07:53:27Z">
          <reporter-output>
          </reporter-output>
        </test-method> <!-- data -->
      </class> <!-- TestNGFramework.WorkingwithRobot -->
    </test> <!-- Default test -->
  </suite> <!-- Default suite -->
</testng-results>
